# JRE version: Java(TM) SE Runtime Environment (8.0_101-b13) (build 1.8.0_101-b13)
# Java VM: Java HotSpot(TM) 64-Bit Server VM (25.101-b13 mixed mode windows-amd64 compressed oops)
Heap:
 PSYoungGen      total 229888K, used 119366K [0x00000000eab00000, 0x0000000100000000, 0x0000000100000000)
  eden space 118784K, 81% used [0x00000000eab00000,0x00000000f09d9f78,0x00000000f1f00000)
  from space 111104K, 20% used [0x00000000f8980000,0x00000000f9f378b8,0x00000000ff600000)
  to   space 109056K, 0% used [0x00000000f1f00000,0x00000000f1f00000,0x00000000f8980000)
 ParOldGen       total 468992K, used 349107K [0x00000000c0000000, 0x00000000dca00000, 0x00000000eab00000)
  object space 468992K, 74% used [0x00000000c0000000,0x00000000d54eccd0,0x00000000dca00000)
 Metaspace       used 6604K, capacity 7256K, committed 7424K, reserved 1056768K
  class space    used 624K, capacity 656K, committed 768K, reserved 1048576K
GC Heap History (10 events):
Event: 103.766 GC heap before
{Heap before GC invocations=25 (full 4):
 PSYoungGen      total 232960K, used 186713K [0x00000000eab00000, 0x0000000100000000, 0x0000000100000000)
  eden space 116736K, 100% used [0x00000000eab00000,0x00000000f1d00000,0x00000000f1d00000)
  from space 116224K, 60% used [0x00000000f8e80000,0x00000000fd2d65e0,0x0000000100000000)
  to   space 116224K, 0% used [0x00000000f1d00000,0x00000000f1d00000,0x00000000f8e80000)
 ParOldGen       total 392704K, used 276230K [0x00000000c0000000, 0x00000000d7f80000, 0x00000000eab00000)
  object space 392704K, 70% used [0x00000000c0000000,0x00000000d0dc18e8,0x00000000d7f80000)
 Metaspace       used 6602K, capacity 7256K, committed 7424K, reserved 1056768K
  class space    used 624K, capacity 656K, committed 768K, reserved 1048576K
Event: 103.865 GC heap after
Heap after GC invocations=25 (full 4):
 PSYoungGen      total 232960K, used 26895K [0x00000000eab00000, 0x0000000100000000, 0x0000000100000000)
  eden space 116736K, 0% used [0x00000000eab00000,0x00000000eab00000,0x00000000f1d00000)
  from space 116224K, 23% used [0x00000000f1d00000,0x00000000f3743ce8,0x00000000f8e80000)
  to   space 116224K, 0% used [0x00000000f8e80000,0x00000000f8e80000,0x0000000100000000)
 ParOldGen       total 392704K, used 346815K [0x00000000c0000000, 0x00000000d7f80000, 0x00000000eab00000)
  object space 392704K, 88% used [0x00000000c0000000,0x00000000d52afcc8,0x00000000d7f80000)
 Metaspace       used 6602K, capacity 7256K, committed 7424K, reserved 1056768K
  class space    used 624K, capacity 656K, committed 768K, reserved 1048576K
}
Event: 103.865 GC heap before
{Heap before GC invocations=26 (full 5):
 PSYoungGen      total 232960K, used 26895K [0x00000000eab00000, 0x0000000100000000, 0x0000000100000000)
  eden space 116736K, 0% used [0x00000000eab00000,0x00000000eab00000,0x00000000f1d00000)
  from space 116224K, 23% used [0x00000000f1d00000,0x00000000f3743ce8,0x00000000f8e80000)
  to   space 116224K, 0% used [0x00000000f8e80000,0x00000000f8e80000,0x0000000100000000)
 ParOldGen       total 392704K, used 346815K [0x00000000c0000000, 0x00000000d7f80000, 0x00000000eab00000)
  object space 392704K, 88% used [0x00000000c0000000,0x00000000d52afcc8,0x00000000d7f80000)
 Metaspace       used 6602K, capacity 7256K, committed 7424K, reserved 1056768K
  class space    used 624K, capacity 656K, committed 768K, reserved 1048576K
Event: 104.710 GC heap after
Heap after GC invocations=26 (full 5):
 PSYoungGen      total 232960K, used 0K [0x00000000eab00000, 0x0000000100000000, 0x0000000100000000)
  eden space 116736K, 0% used [0x00000000eab00000,0x00000000eab00000,0x00000000f1d00000)
  from space 116224K, 0% used [0x00000000f1d00000,0x00000000f1d00000,0x00000000f8e80000)
  to   space 116224K, 0% used [0x00000000f8e80000,0x00000000f8e80000,0x0000000100000000)
 ParOldGen       total 468992K, used 286312K [0x00000000c0000000, 0x00000000dca00000, 0x00000000eab00000)
  object space 468992K, 61% used [0x00000000c0000000,0x00000000d179a090,0x00000000dca00000)
 Metaspace       used 6602K, capacity 7256K, committed 7424K, reserved 1056768K
  class space    used 624K, capacity 656K, committed 768K, reserved 1048576K
}
Event: 105.884 GC heap before
{Heap before GC invocations=27 (full 5):
 PSYoungGen      total 232960K, used 116736K [0x00000000eab00000, 0x0000000100000000, 0x0000000100000000)
  eden space 116736K, 100% used [0x00000000eab00000,0x00000000f1d00000,0x00000000f1d00000)
  from space 116224K, 0% used [0x00000000f1d00000,0x00000000f1d00000,0x00000000f8e80000)
  to   space 116224K, 0% used [0x00000000f8e80000,0x00000000f8e80000,0x0000000100000000)
 ParOldGen       total 468992K, used 286312K [0x00000000c0000000, 0x00000000dca00000, 0x00000000eab00000)
  object space 468992K, 61% used [0x00000000c0000000,0x00000000d179a090,0x00000000dca00000)
 Metaspace       used 6603K, capacity 7256K, committed 7424K, reserved 1056768K
  class space    used 624K, capacity 656K, committed 768K, reserved 1048576K
Event: 105.929 GC heap after
Heap after GC invocations=27 (full 5):
 PSYoungGen      total 232960K, used 62127K [0x00000000eab00000, 0x0000000100000000, 0x0000000100000000)
  eden space 116736K, 0% used [0x00000000eab00000,0x00000000eab00000,0x00000000f1d00000)
  from space 116224K, 53% used [0x00000000f8e80000,0x00000000fcb2be28,0x0000000100000000)
  to   space 116224K, 0% used [0x00000000f1d00000,0x00000000f1d00000,0x00000000f8e80000)
 ParOldGen       total 468992K, used 286312K [0x00000000c0000000, 0x00000000dca00000, 0x00000000eab00000)
  object space 468992K, 61% used [0x00000000c0000000,0x00000000d179a090,0x00000000dca00000)
 Metaspace       used 6603K, capacity 7256K, committed 7424K, reserved 1056768K
  class space    used 624K, capacity 656K, committed 768K, reserved 1048576K
}
Event: 106.202 GC heap before
{Heap before GC invocations=28 (full 5):
 PSYoungGen      total 232960K, used 178863K [0x00000000eab00000, 0x0000000100000000, 0x0000000100000000)
  eden space 116736K, 100% used [0x00000000eab00000,0x00000000f1d00000,0x00000000f1d00000)
  from space 116224K, 53% used [0x00000000f8e80000,0x00000000fcb2be28,0x0000000100000000)
  to   space 116224K, 0% used [0x00000000f1d00000,0x00000000f1d00000,0x00000000f8e80000)
 ParOldGen       total 468992K, used 286312K [0x00000000c0000000, 0x00000000dca00000, 0x00000000eab00000)
  object space 468992K, 61% used [0x00000000c0000000,0x00000000d179a090,0x00000000dca00000)
 Metaspace       used 6603K, capacity 7256K, committed 7424K, reserved 1056768K
  class space    used 624K, capacity 656K, committed 768K, reserved 1048576K
Event: 106.253 GC heap after
Heap after GC invocations=28 (full 5):
 PSYoungGen      total 153600K, used 36697K [0x00000000eab00000, 0x00000000ff600000, 0x0000000100000000)
  eden space 116736K, 0% used [0x00000000eab00000,0x00000000eab00000,0x00000000f1d00000)
  from space 36864K, 99% used [0x00000000f1d00000,0x00000000f40d6480,0x00000000f4100000)
  to   space 111104K, 0% used [0x00000000f8980000,0x00000000f8980000,0x00000000ff600000)
 ParOldGen       total 468992K, used 312321K [0x00000000c0000000, 0x00000000dca00000, 0x00000000eab00000)
  object space 468992K, 66% used [0x00000000c0000000,0x00000000d3100730,0x00000000dca00000)
 Metaspace       used 6603K, capacity 7256K, committed 7424K, reserved 1056768K
  class space    used 624K, capacity 656K, committed 768K, reserved 1048576K
}
Event: 118.810 GC heap before
{Heap before GC invocations=29 (full 5):
 PSYoungGen      total 153600K, used 153433K [0x00000000eab00000, 0x00000000ff600000, 0x0000000100000000)
  eden space 116736K, 100% used [0x00000000eab00000,0x00000000f1d00000,0x00000000f1d00000)
  from space 36864K, 99% used [0x00000000f1d00000,0x00000000f40d6480,0x00000000f4100000)
  to   space 111104K, 0% used [0x00000000f8980000,0x00000000f8980000,0x00000000ff600000)
 ParOldGen       total 468992K, used 312321K [0x00000000c0000000, 0x00000000dca00000, 0x00000000eab00000)
  object space 468992K, 66% used [0x00000000c0000000,0x00000000d3100730,0x00000000dca00000)
 Metaspace       used 6603K, capacity 7256K, committed 7424K, reserved 1056768K
  class space    used 624K, capacity 656K, committed 768K, reserved 1048576K
Event: 118.873 GC heap after
Heap after GC invocations=29 (full 5):
 PSYoungGen      total 229888K, used 22238K [0x00000000eab00000, 0x0000000100000000, 0x0000000100000000)
  eden space 118784K, 0% used [0x00000000eab00000,0x00000000eab00000,0x00000000f1f00000)
  from space 111104K, 20% used [0x00000000f8980000,0x00000000f9f378b8,0x00000000ff600000)
  to   space 109056K, 0% used [0x00000000f1f00000,0x00000000f1f00000,0x00000000f8980000)
 ParOldGen       total 468992K, used 349107K [0x00000000c0000000, 0x00000000dca00000, 0x00000000eab00000)
  object space 468992K, 74% used [0x00000000c0000000,0x00000000d54eccd0,0x00000000dca00000)
 Metaspace       used 6603K, capacity 7256K, committed 7424K, reserved 1056768K
  class space    used 624K, capacity 656K, committed 768K, reserved 1048576K
}

