# JRE version: Java(TM) SE Runtime Environment (8.0_101-b13) (build 1.8.0_101-b13)
# Java VM: Java HotSpot(TM) 64-Bit Server VM (25.101-b13 mixed mode windows-amd64 compressed oops)
Heap:
 PSYoungGen      total 232960K, used 75517K [0x00000000eab00000, 0x0000000100000000, 0x0000000100000000)
  eden space 116736K, 64% used [0x00000000eab00000,0x00000000ef4bf400,0x00000000f1d00000)
  from space 116224K, 0% used [0x00000000f1d00000,0x00000000f1d00000,0x00000000f8e80000)
  to   space 116224K, 0% used [0x00000000f8e80000,0x00000000f8e80000,0x0000000100000000)
 ParOldGen       total 432640K, used 273572K [0x00000000c0000000, 0x00000000da680000, 0x00000000eab00000)
  object space 432640K, 63% used [0x00000000c0000000,0x00000000d0b291f8,0x00000000da680000)
 Metaspace       used 6607K, capacity 7256K, committed 7424K, reserved 1056768K
  class space    used 624K, capacity 656K, committed 768K, reserved 1048576K
GC Heap History (10 events):
Event: 79.460 GC heap before
{Heap before GC invocations=16 (full 3):
 PSYoungGen      total 180224K, used 180209K [0x00000000eab00000, 0x00000000fd180000, 0x0000000100000000)
  eden space 121344K, 100% used [0x00000000eab00000,0x00000000f2180000,0x00000000f2180000)
  from space 58880K, 99% used [0x00000000f6e80000,0x00000000fa7fc758,0x00000000fa800000)
  to   space 78848K, 0% used [0x00000000f2180000,0x00000000f2180000,0x00000000f6e80000)
 ParOldGen       total 176128K, used 123255K [0x00000000c0000000, 0x00000000cac00000, 0x00000000eab00000)
  object space 176128K, 69% used [0x00000000c0000000,0x00000000c785df10,0x00000000cac00000)
 Metaspace       used 6598K, capacity 7256K, committed 7424K, reserved 1056768K
  class space    used 623K, capacity 656K, committed 768K, reserved 1048576K
Event: 79.562 GC heap after
Heap after GC invocations=16 (full 3):
 PSYoungGen      total 200192K, used 78845K [0x00000000eab00000, 0x0000000100000000, 0x0000000100000000)
  eden space 121344K, 0% used [0x00000000eab00000,0x00000000eab00000,0x00000000f2180000)
  from space 78848K, 99% used [0x00000000f2180000,0x00000000f6e7f528,0x00000000f6e80000)
  to   space 114176K, 0% used [0x00000000f9080000,0x00000000f9080000,0x0000000100000000)
 ParOldGen       total 181760K, used 181551K [0x00000000c0000000, 0x00000000cb180000, 0x00000000eab00000)
  object space 181760K, 99% used [0x00000000c0000000,0x00000000cb14bf68,0x00000000cb180000)
 Metaspace       used 6598K, capacity 7256K, committed 7424K, reserved 1056768K
  class space    used 623K, capacity 656K, committed 768K, reserved 1048576K
}
Event: 79.562 GC heap before
{Heap before GC invocations=17 (full 4):
 PSYoungGen      total 200192K, used 78845K [0x00000000eab00000, 0x0000000100000000, 0x0000000100000000)
  eden space 121344K, 0% used [0x00000000eab00000,0x00000000eab00000,0x00000000f2180000)
  from space 78848K, 99% used [0x00000000f2180000,0x00000000f6e7f528,0x00000000f6e80000)
  to   space 114176K, 0% used [0x00000000f9080000,0x00000000f9080000,0x0000000100000000)
 ParOldGen       total 181760K, used 181551K [0x00000000c0000000, 0x00000000cb180000, 0x00000000eab00000)
  object space 181760K, 99% used [0x00000000c0000000,0x00000000cb14bf68,0x00000000cb180000)
 Metaspace       used 6598K, capacity 7256K, committed 7424K, reserved 1056768K
  class space    used 623K, capacity 656K, committed 768K, reserved 1048576K
Event: 80.433 GC heap after
Heap after GC invocations=17 (full 4):
 PSYoungGen      total 200192K, used 73080K [0x00000000eab00000, 0x0000000100000000, 0x0000000100000000)
  eden space 121344K, 0% used [0x00000000eab00000,0x00000000eab00000,0x00000000f2180000)
  from space 78848K, 92% used [0x00000000f2180000,0x00000000f68de308,0x00000000f6e80000)
  to   space 114176K, 0% used [0x00000000f9080000,0x00000000f9080000,0x0000000100000000)
 ParOldGen       total 297472K, used 181546K [0x00000000c0000000, 0x00000000d2280000, 0x00000000eab00000)
  object space 297472K, 61% used [0x00000000c0000000,0x00000000cb14a960,0x00000000d2280000)
 Metaspace       used 6598K, capacity 7256K, committed 7424K, reserved 1056768K
  class space    used 623K, capacity 656K, committed 768K, reserved 1048576K
}
Event: 80.687 GC heap before
{Heap before GC invocations=18 (full 4):
 PSYoungGen      total 200192K, used 194424K [0x00000000eab00000, 0x0000000100000000, 0x0000000100000000)
  eden space 121344K, 99% used [0x00000000eab00000,0x00000000f217ff40,0x00000000f2180000)
  from space 78848K, 92% used [0x00000000f2180000,0x00000000f68de308,0x00000000f6e80000)
  to   space 114176K, 0% used [0x00000000f9080000,0x00000000f9080000,0x0000000100000000)
 ParOldGen       total 297472K, used 181546K [0x00000000c0000000, 0x00000000d2280000, 0x00000000eab00000)
  object space 297472K, 61% used [0x00000000c0000000,0x00000000cb14a960,0x00000000d2280000)
 Metaspace       used 6606K, capacity 7256K, committed 7424K, reserved 1056768K
  class space    used 624K, capacity 656K, committed 768K, reserved 1048576K
Event: 80.840 GC heap after
Heap after GC invocations=18 (full 4):
 PSYoungGen      total 230912K, used 80177K [0x00000000eab00000, 0x0000000100000000, 0x0000000100000000)
  eden space 116736K, 0% used [0x00000000eab00000,0x00000000eab00000,0x00000000f1d00000)
  from space 114176K, 70% used [0x00000000f9080000,0x00000000fdecc508,0x0000000100000000)
  to   space 116224K, 0% used [0x00000000f1d00000,0x00000000f1d00000,0x00000000f8e80000)
 ParOldGen       total 297472K, used 217503K [0x00000000c0000000, 0x00000000d2280000, 0x00000000eab00000)
  object space 297472K, 73% used [0x00000000c0000000,0x00000000cd467d50,0x00000000d2280000)
 Metaspace       used 6606K, capacity 7256K, committed 7424K, reserved 1056768K
  class space    used 624K, capacity 656K, committed 768K, reserved 1048576K
}
Event: 81.400 GC heap before
{Heap before GC invocations=19 (full 4):
 PSYoungGen      total 230912K, used 196913K [0x00000000eab00000, 0x0000000100000000, 0x0000000100000000)
  eden space 116736K, 100% used [0x00000000eab00000,0x00000000f1d00000,0x00000000f1d00000)
  from space 114176K, 70% used [0x00000000f9080000,0x00000000fdecc508,0x0000000100000000)
  to   space 116224K, 0% used [0x00000000f1d00000,0x00000000f1d00000,0x00000000f8e80000)
 ParOldGen       total 297472K, used 217503K [0x00000000c0000000, 0x00000000d2280000, 0x00000000eab00000)
  object space 297472K, 73% used [0x00000000c0000000,0x00000000cd467d50,0x00000000d2280000)
 Metaspace       used 6607K, capacity 7256K, committed 7424K, reserved 1056768K
  class space    used 624K, capacity 656K, committed 768K, reserved 1048576K
Event: 81.498 GC heap after
Heap after GC invocations=19 (full 4):
 PSYoungGen      total 232960K, used 18688K [0x00000000eab00000, 0x0000000100000000, 0x0000000100000000)
  eden space 116736K, 0% used [0x00000000eab00000,0x00000000eab00000,0x00000000f1d00000)
  from space 116224K, 16% used [0x00000000f1d00000,0x00000000f2f40178,0x00000000f8e80000)
  to   space 116224K, 0% used [0x00000000f8e80000,0x00000000f8e80000,0x0000000100000000)
 ParOldGen       total 299008K, used 297661K [0x00000000c0000000, 0x00000000d2400000, 0x00000000eab00000)
  object space 299008K, 99% used [0x00000000c0000000,0x00000000d22af4c8,0x00000000d2400000)
 Metaspace       used 6607K, capacity 7256K, committed 7424K, reserved 1056768K
  class space    used 624K, capacity 656K, committed 768K, reserved 1048576K
}
Event: 81.498 GC heap before
{Heap before GC invocations=20 (full 5):
 PSYoungGen      total 232960K, used 18688K [0x00000000eab00000, 0x0000000100000000, 0x0000000100000000)
  eden space 116736K, 0% used [0x00000000eab00000,0x00000000eab00000,0x00000000f1d00000)
  from space 116224K, 16% used [0x00000000f1d00000,0x00000000f2f40178,0x00000000f8e80000)
  to   space 116224K, 0% used [0x00000000f8e80000,0x00000000f8e80000,0x0000000100000000)
 ParOldGen       total 299008K, used 297661K [0x00000000c0000000, 0x00000000d2400000, 0x00000000eab00000)
  object space 299008K, 99% used [0x00000000c0000000,0x00000000d22af4c8,0x00000000d2400000)
 Metaspace       used 6607K, capacity 7256K, committed 7424K, reserved 1056768K
  class space    used 624K, capacity 656K, committed 768K, reserved 1048576K
Event: 82.869 GC heap after
Heap after GC invocations=20 (full 5):
 PSYoungGen      total 232960K, used 0K [0x00000000eab00000, 0x0000000100000000, 0x0000000100000000)
  eden space 116736K, 0% used [0x00000000eab00000,0x00000000eab00000,0x00000000f1d00000)
  from space 116224K, 0% used [0x00000000f1d00000,0x00000000f1d00000,0x00000000f8e80000)
  to   space 116224K, 0% used [0x00000000f8e80000,0x00000000f8e80000,0x0000000100000000)
 ParOldGen       total 432640K, used 273572K [0x00000000c0000000, 0x00000000da680000, 0x00000000eab00000)
  object space 432640K, 63% used [0x00000000c0000000,0x00000000d0b291f8,0x00000000da680000)
 Metaspace       used 6607K, capacity 7256K, committed 7424K, reserved 1056768K
  class space    used 624K, capacity 656K, committed 768K, reserved 1048576K
}

